Day 6
file_path: "inputs/day6"
parsed_ops: [
  ["+", 69, 73, 767, 599],
  ["+", 1, 56, 67, 42],
  ["*", 37, 549, 718, 684],
  ["*", 5, 69, 23, 82],
  ["+", 85, 77, 88, 2],
  ["+", 28, 9682, 1167, 7856],
  ["+", 49, 42, 17, 63],
  ["*", 755, 717, 457, 99],
  ["+", 446, 784, 138, 451],
  ["*", 14, 14, 543, 183],
  ["+", 3984, 1246, 4136, 346],
  ["*", 95, 748, 852, 994],
  ["+", 77, 782, 5794, 8348],
  ["*", 5, 75, 82, 853],
  ["*", 1, 576, 217, 635],
  ["+", 6527, 6118, 2644, 739],
  ["*", 89, 74, 16, 24],
  ["+", 831, 962, 694, 7],
  ["*", 767, 251, 962, 741],
  ["+", 84, 91, 94, 4],
  ["*", 71, 57, 88, 21],
  ["+", 744, 799, 5516, 7493],
  ["+", 3, 94, 644, 252],
  ["*", 59, 92, 3, 6],
  ["*", 34, 251, 241, 991],
  ["*", 48, 48, 44, 4],
  ["*", 17, 494, 859, 756],
  ["*", 9, 33, 75, 98],
  ["+", 7544, 1941, 5132, 571],
  ["*", 66, 62, 13, 3],
  ["*", 362, 191, 432, 821],
  ["+", 9, 21, 598, 613],
  ["+", 682, 68, 63, 1],
  ["+", 87, 4, 4, 7],
  ["*", 2, 63, 28, 16],
  ["*", 692, 857, 154, 846],
  ["+", 81, 45, 63, 78],
  ["*", 8, 65, 87, 491],
  ["*", 4, 88, 89, 85],
  ["*", 85, 91, 6, 4],
  ["*", 444, 798, 967, 41],
  ["*", 9, 7, 12, 28],
  ["*", 89, 59, 65, 4],
  ["+", 555, 255, 446, 28],
  ["+", 2676, 6111, 346, 99],
  ["*", 75, 34, 45, ...],
  ["+", 9493, 5157, ...],
  ["*", 285, ...],
  ["+", ...],
  [...],
  ...
]
padded: ["599", "767", "73 ", "69 "]
mapped: [5776, 9639, 97]
padded: ["42", "67", "56", "1 "]
mapped: [4651, 276]
padded: ["684", "718", "549", "37 "]
mapped: [6753, 8147, 489]
padded: ["82", "23", "69", "5 "]
mapped: [8265, 239]
padded: ["2 ", "88", "77", "85"]
mapped: [2878, 875]
padded: ["7856", "1167", "9682", "28  "]
mapped: [7192, 8168, 568, 672]
padded: ["63", "17", "42", "49"]
mapped: [6144, 3729]
padded: ["99 ", "457", "717", "755"]
mapped: [9477, 9515, 775]
padded: ["451", "138", "784", "446"]
mapped: [4174, 5384, 1846]
padded: ["183", "543", "14 ", "14 "]
mapped: [1511, 8444, 33]
padded: ["346 ", "4136", "1246", "3984"]
mapped: [3413, 4129, 6348, 664]
padded: ["994", "852", "748", "95 "]
mapped: [9879, 9545, 428]
padded: ["8348", "5794", "782 ", "77  "]
mapped: [8577, 3787, 492, 84]
padded: ["853", "82 ", "75 ", "5  "]
mapped: [8875, 525, 3]
padded: ["635", "217", "576", "1  "]
mapped: [6251, 317, 576]
padded: ["739 ", "2644", "6118", "6527"]
mapped: [7266, 3615, 9412, 487]
padded: ["24", "16", "74", "89"]
mapped: [2178, 4649]
padded: ["7  ", "694", "962", "831"]
mapped: [7698, 963, 421]
padded: ["741", "962", "251", "767"]
mapped: [7927, 4656, 1217]
padded: ["4 ", "94", "91", "84"]
mapped: [4998, 414]
padded: ["21", "88", "57", "71"]
mapped: [2857, 1871]
padded: ["7493", "5516", "799 ", "744 "]
mapped: [7577, 4594, 9194, 36]
padded: ["252", "644", "94 ", "3  "]
mapped: [2693, 544, 24]
padded: ["6 ", "3 ", "92", "59"]
mapped: [6395, 29]
padded: ["991", "241", "251", "34 "]
mapped: [9223, 9454, 111]
padded: ["4 ", "44", "48", "48"]
mapped: [4444, 488]
padded: ["756", "859", "494", "17 "]
mapped: [7841, 5597, 694]
padded: ["98", "75", "33", "9 "]
mapped: [9739, 853]
padded: ["571 ", "5132", "1941", "7544"]
mapped: [5517, 7195, 1344, 214]
padded: ["3 ", "13", "62", "66"]
mapped: [3166, 326]
padded: ["821", "432", "191", "362"]
mapped: [8413, 2396, 1212]
padded: ["613", "598", "21 ", "9  "]
mapped: [6529, 191, 38]
padded: ["1  ", "63 ", "68 ", "682"]
mapped: [1666, 388, 2]
padded: ["7 ", "4 ", "4 ", "87"]
mapped: [7448, 7]
padded: ["16", "28", "63", "2 "]
mapped: [1262, 683]
padded: ["846", "154", "857", "692"]
mapped: [8186, 4559, 6472]
padded: ["78", "63", "45", "81"]
mapped: [7648, 8351]
padded: ["491", "87 ", "65 ", "8  "]
mapped: [4868, 975, 1]
padded: ["85", "89", "88", "4 "]
mapped: [8884, 598]
padded: ["4 ", "6 ", "91", "85"]
mapped: [4698, 15]
padded: ["41 ", "967", "798", "444"]
mapped: [4974, 1694, 784]
padded: ["28", "12", "7 ", "9 "]
mapped: [2179, 82]
padded: ["4 ", "65", "59", "89"]
mapped: [4658, 599]
padded: ["28 ", "446", "255", "555"]
mapped: [2425, 8455, 655]
padded: ["99  ", "346 ", "6111", "2676"]
mapped: [9362, 9416, 617, 16]
padded: ["15", "45", "34", "75"]
mapped: [1437, 5545]
padded: ["98  ", "9821", "5157", "9493"]
mapped: [9959, 8814, 259, 173]
padded: ["688", "963", "649", "285"]
mapped: [6962, 8648, 8395]
padded: ["97 ", "37 ", "24 ", "869"]
mapped: [9328, 7746, 9]
padded: ["476", "584", "717", "581"]
mapped: [4575, 7818, 6471]
padded: ["81 ", "246", "511", "941"]
mapped: [8259, 1414, 611]
padded: ["546", "217", "58 ", "91 "]
mapped: [5259, 4181, 67]
padded: ["88 ", "63 ", "644", "862"]
mapped: [8668, 8346, 42]
padded: ["849", "292", "549", "369"]
mapped: [8253, 4946, 9299]
padded: ["13", "12", "16", "2 "]
mapped: [1112, 326]
padded: ["4523", "9546", "9224", "2856"]
mapped: [4992, 5528, 2425, 3646]
padded: ["724", "191", "165", "558"]
mapped: [7115, 2965, 4158]
padded: ["41", "48", "12", "18"]
mapped: [4411, 1828]
padded: ["54", "92", "78", "55"]
mapped: [5975, 4285]
padded: ["32 ", "33 ", "385", "189"]
mapped: [3331, 2388, 59]
padded: ["7   ", "8561", "8295", "9388"]
mapped: [7889, 523, 698, 158]
padded: ["1  ", "933", "862", "627"]
mapped: [1986, 362, 327]
padded: ["473", "182", "942", "89 "]
mapped: [4198, 7849, 322]
padded: ["8999", "6539", "9774", "5   "]
mapped: [8695, 957, 937, 994]
padded: ["153", "388", "744", "979"]
mapped: [1379, 5847, 3849]
padded: ["794", "573", "547", "9  "]
mapped: [7559, 974, 437]
padded: ["67", "13", "74", "58"]
mapped: [6175, 7348]
padded: ["8  ", "4  ", "59 ", "224"]
mapped: [8452, 92, 4]
padded: ["645", "181", "951", "628"]
mapped: [6196, 4852, 5118]
padded: ["22", "34", "49", "42"]
mapped: [2344, 2492]
padded: ["591", "961", "517", "9  "]
mapped: [5959, 961, 117]
padded: ["81 ", "536", "511", "815"]
mapped: [8558, 1311, 615]
padded: ["29 ", "913", "254", "386"]
mapped: [2923, 9158, 346]
padded: ["278", "28 ", "7  ", "3  "]
mapped: [2273, 78, 8]
padded: ["2 ", "45", "74", "64"]
mapped: [2476, 544]
padded: ["7 ", "9 ", "88", "34"]
mapped: [7983, 84]
padded: ["94 ", "594", "271", "152"]
mapped: [9521, 4975, 412]
padded: ["89", "81", "81", "2 "]
mapped: [8882, 911]
padded: ["17", "17", "26", "6 "]
mapped: [1126, 776]
padded: ["43 ", "27 ", "291", "773"]
mapped: [4227, 3797, 13]
padded: ["4241", "6747", "9661", "528 "]
mapped: [4695, 2762, 4468, 171]
padded: ["855", "845", "29 ", "8  "]
mapped: [8828, 549, 55]
padded: ["332", "419", "119", "818"]
mapped: [3418, 3111, 2998]
padded: ["361", "693", "98 ", "22 "]
mapped: [3692, 6982, 13]
padded: ["61", "18", "71", "39"]
mapped: [6173, 1819]
padded: ["935", "395", "19 ", "98 "]
mapped: [9319, 3998, 55]
padded: ["63", "73", "39", "69"]
mapped: [6736, 3399]
padded: ["386", "213", "829", "381"]
mapped: [3283, 8128, 6391]
padded: ["38", "55", "57", "66"]
mapped: [3556, 8576]
padded: ["54", "42", "26", "6 "]
mapped: [5426, 426]
padded: ["7 ", "2 ", "16", "93"]
mapped: [7219, 63]
padded: ["26 ", "84 ", "921", "424"]
mapped: [2894, 6422, 14]
padded: ["12", "56", "32", "47"]
mapped: [1534, 2627]
padded: ["47 ", "42 ", "658", "886"]
mapped: [4468, 7258, 86]
padded: ["29", "44", "99", "28"]
mapped: [2492, 9498]
padded: ["6833", "7691", "6346", "5   "]
mapped: [6765, 863, 394, 316]
padded: ["97", "56", "64", "6 "]
mapped: [9566, 764]
padded: ["511", "882", "225", "22 "]
mapped: [5822, 1822, 125]
padded: ["484", "259", "711", "26 "]
mapped: [4272, 8516, 491]
padded: ["44", "59", "28", "51"]
mapped: [4525, 4981]
padded: ["676", "473", "258", "411"]
mapped: [6424, 7751, 6381]
padded: ["2 ", "92", "53", "26"]
mapped: [2952, 236]
padded: ["5411", "8339", "2533", "4869"]
mapped: [5824, 4358, 1336, 1939]
padded: ["4 ", "66", "91", "27"]
mapped: [4692, 617]
padded: ["763", "319", "979", "854"]
mapped: [7398, 6175, 3994]
padded: ["64", "73", "18", "16"]
mapped: [6711, 4386]
padded: ["7991", "458 ", "8   ", "4   "]
mapped: [7484, 95, 98, 1]
padded: ["23", "57", "5 ", "9 "]
mapped: [2559, 37]
padded: ["6  ", "64 ", "774", "221"]
mapped: [6672, 472, 41]
padded: ["5721", "159 ", "73  ", "67  "]
mapped: [5176, 7537, 29, 1]
padded: ["48", "76", "92", "31"]
mapped: [4793, 8621]
padded: ["79", "88", "89", "5 "]
mapped: [7885, 989]
padded: ["5  ", "8  ", "725", "829"]
mapped: [5878, 22, 59]
padded: ["5778", "1651", "8237", "23  "]
mapped: [5182, 7623, 753, 817]
padded: ["87 ", "274", "523", "886"]
mapped: [8258, 7728, 436]
padded: ["39", "68", "19", "8 "]
mapped: [3618, 989]
padded: ["21 ", "82 ", "655", "758"]
mapped: [2867, 1255, 58]
padded: ["15", "98", "34", "84"]
mapped: [1938, 5844]
padded: ["88", "61", "62", "6 "]
mapped: [8666, 812]
padded: ["552", "959", "474", "471"]
mapped: [5944, 5577, 2941]
padded: ["8 ", "7 ", "45", "45"]
mapped: [8744, 55]
padded: ["74", "1 ", "1 ", "6 "]
mapped: [7116, 4]
padded: ["7 ", "75", "34", "31"]
mapped: [7733, 541]
padded: ["2 ", "9 ", "17", "54"]
mapped: [2915, 74]
padded: ["36", "35", "27", "68"]
mapped: [3326, 6578]
padded: ["9237", "4963", "4862", "6213"]
mapped: [9446, 2982, 3661, 7323]
padded: ["81 ", "762", "976", "473"]
mapped: [8794, 1677, 263]
padded: ["425", "33 ", "82 ", "78 "]
mapped: [4387, 2328, 5]
padded: ["58", "58", "36", "65"]
mapped: [5536, 8865]
padded: ["3  ", "286", "183", "554"]
mapped: [3215, 885, 634]
padded: ["8   ", "2713", "2673", "5556"]
mapped: [8225, 765, 175, 336]
padded: ["674", "939", "374", "23 "]
mapped: [6932, 7373, 494]
padded: ["877", "546", "613", "5  "]
mapped: [8565, 741, 763]
padded: ["88 ", "676", "152", "576"]
mapped: [8615, 8757, 626]
padded: ["5 ", "5 ", "2 ", "91"]
mapped: [5529, 1]
padded: ["4  ", "267", "648", "579"]
mapped: [4265, 647, 789]
padded: ["595", "984", "611", "565"]
mapped: [5965, 9816, 5415]
padded: ["682", "872", "964", "27 "]
mapped: [6892, 8767, 224]
padded: ["26", "18", "1 ", "5 "]
mapped: [2115, 68]
padded: ["7 ", "66", "52", "86"]
mapped: [7658, 626]
padded: ["9 ", "68", "47", "33"]
mapped: [9643, 873]
padded: ["9865", "8871", "2163", "1293"]
mapped: [9821, 8812, 6769, 5133]
padded: ["299", "376", "233", "777"]
mapped: [2327, 9737, 9637]
padded: ["89", "81", "9 ", "1 "]
mapped: [8891, 91]
padded: ["422", "196", "123", "249"]
mapped: [4112, 2924, 2639]
padded: ["64", "72", "44", "34"]
mapped: [6743, 4244]
padded: ["72", "98", "26", "5 "]
mapped: [7925, 286]
padded: ["236", "54 ", "45 ", "63 "]
mapped: [2546, 3453, 6]
padded: ["231", "775", "685", "2  "]
mapped: [2762, 378, 155]
padded: ["74 ", "569", "571", "646"]
mapped: [7556, 4674, 916]
padded: ["463", "172", "694", "36 "]
mapped: [4163, 6796, 324]
padded: ["174", "47 ", "56 ", "28 "]
mapped: [1452, 7768, 4]
padded: ["83", "25", "28", "6 "]
mapped: [8226, 358]
padded: ["972", "147", "37 ", "98 "]
mapped: [9139, 7478, 27]
padded: ["95", "3 ", "8 ", "8 "]
mapped: [9388, 5]
padded: ["95", "93", "64", "13"]
mapped: [9961, 5343]
padded: ["14 ", "61 ", "327", "925"]
mapped: [1639, 4122, 75]
padded: ["34", "23", "46", "66"]
mapped: [3246, 4366]
padded: ["2 ", "8 ", "17", "26"]
mapped: [2812, 76]
padded: ["7 ", "4 ", "81", "75"]
mapped: [7487, 15]
padded: ["7   ", "19  ", "363 ", "9844"]
mapped: [7139, 968, 34, 4]
padded: ["969", "249", "884", "668"]
mapped: [9286, 6486, 9948]
padded: ["8 ", "9 ", "58", "11"]
mapped: [8951, 81]
padded: ["45 ", "783", "251", "722"]
mapped: [4727, 5852, 312]
padded: ["54 ", "98 ", "22 ", "187"]
mapped: [5921, 4828, 7]
padded: ["24 ", "929", "829", "561"]
mapped: [2985, 4226, 991]
padded: ["39", "17", "19", "79"]
mapped: [3117, 9799]
padded: ["76", "87", "2 ", "3 "]
mapped: [7823, 67]
padded: ["79 ", "488", "778", "455"]
mapped: [7474, 9875, 885]
padded: ["41", "33", "56", "9 "]
mapped: [4359, 136]
padded: ["882", "2  ", "4  ", "5  "]
mapped: [8245, 8, 2]
padded: ["674 ", "953 ", "5694", "2359"]
mapped: [6952, 7563, 4395, 49]
padded: ["91", "64", "56", "24"]
mapped: [9652, 1464]
padded: ["94", "79", "6 ", "7 "]
mapped: [9767, 49]
padded: ["66  ", "599 ", "9176", "5392"]
mapped: [6595, 6913, 979, 62]
padded: ["83", "77", "21", "74"]
mapped: [8727, 3714]
padded: ["28 ", "237", "838", "143"]
mapped: [2281, 8334, 783]
padded: ["76  ", "5411", "7766", "2749"]
mapped: [7572, 6477, 164, 169]
padded: ["6 ", "65", "92", "28"]
mapped: [6692, 528]
padded: ["68", "53", "7 ", "3 "]
mapped: [6573, 83]
padded: ["696", "977", "774", "2  "]
mapped: [6972, 977, 674]
padded: ["58", "76", "56", "56"]
mapped: [5755, 8666]
padded: ["177", "658", "543", "23 "]
mapped: [1652, 7543, 783]
padded: ["39", "42", "2 ", "6 "]
mapped: [3426, 92]
padded: ["1   ", "957 ", "5877", "4996"]
mapped: [1954, 589, 779, 76]
padded: ["58 ", "49 ", "793", "154"]
mapped: [5471, 8995, 34]
padded: ["49 ", "668", "235", "149"]
mapped: [4621, 9634, 859]
padded: ["662 ", "9114", "1639", "4324"]
mapped: [6914, 6163, 2132, 494]
padded: ["155", "551", "29 ", "49 "]
mapped: [1524, 5599, 51]
padded: ["91", "62", "52", "22"]
mapped: [9652, 1222]
padded: ["69 ", "26 ", "795", "723"]
mapped: [6277, 9692, 53]
padded: ["515", "286", "758", "267"]
mapped: [5272, 1856, 5687]
padded: ["56  ", "414 ", "538 ", "2127"]
mapped: [5452, 6131, 482, 7]
padded: ["832", "415", "474", "4  "]
mapped: [8444, 317, 254]
padded: ["598", "169", "529", "399"]
mapped: [5153, 9629, 8999]
padded: ["31", "96", "61", "77"]
mapped: [3967, 1617]
padded: ["1 ", "3 ", "29", "47"]
mapped: [1324, 97]
padded: ["67", "9 ", "6 ", "6 "]
mapped: [6966, 7]
padded: ["7  ", "5  ", "415", "775"]
mapped: [7547, 17, 55]
padded: ["328", "59 ", "87 ", "95 "]
mapped: [3589, 2975, 8]
padded: ["8 ", "24", "27", "94"]
mapped: [8229, 474]
padded: ["5 ", "75", "27", "25"]
mapped: [5722, 575]
padded: ["38", "81", "45", "36"]
mapped: [3843, 8156]
padded: ["82", "42", "2 ", "7 "]
mapped: [8427, 22]
padded: ["49 ", "274", "385", "886"]
mapped: [4238, 9788, 456]
padded: ["659", "628", "215", "121"]
mapped: [6621, 5212, 9851]
padded: ["1  ", "219", "973", "922"]
mapped: [1299, 172, 932]
padded: ["82", "98", "37", "44"]
mapped: [8934, 2874]
padded: ["5 ", "63", "24", "51"]
mapped: [5625, 341]
padded: ["741", "796", "92 ", "36 "]
mapped: [7793, 4926, 16]
padded: ["78 ", "767", "842", "465"]
mapped: [7784, 8646, 725]
padded: ["448", "295", "881", "34 "]
mapped: [4283, 4984, 851]
padded: ["33 ", "91 ", "158", "289"]
mapped: [3912, 3158, 89]
padded: ["63", "26", "23", "99"]
mapped: [6229, 3639]
padded: ["3 ", "8 ", "64", "21"]
mapped: [3862, 41]
padded: ["82 ", "46 ", "929", "139"]
mapped: [8491, 2623, 99]
padded: ["73  ", "212 ", "4856", "3814"]
mapped: [7243, 3188, 251, 64]
padded: ["96", "62", "92", "7 "]
mapped: [9697, 622]
padded: ["927", "446", "232", "126"]
mapped: [9421, 2432, 7626]
padded: ["33", "1 ", "9 ", "2 "]
mapped: [3192, 3]
padded: ["785", "123", "53 ", "1  "]
mapped: [7151, 823, 53]
padded: ["28", "94", "98", "38"]
mapped: [2993, 8488]
padded: ["253", "23 ", "38 ", "2  "]
mapped: [2232, 538, 3]
padded: ["72  ", "426 ", "1615", "5773"]
mapped: [7415, 2267, 617, 53]
padded: ["5 ", "41", "27", "75"]
mapped: [5427, 175]
padded: ["49", "53", "18", "6 "]
mapped: [4516, 938]
padded: ["293", "664", "216", "49 "]
mapped: [2624, 9619, 346]
padded: ["97 ", "822", "813", "474"]
mapped: [9884, 7217, 234]
padded: ["5626", "9641", "1519", "49  "]
mapped: [5914, 6659, 241, 619]
padded: ["91", "55", "28", "11"]
mapped: [9521, 1581]
padded: ["786", "464", "922", "45 "]
mapped: [7494, 8625, 642]
padded: ["11 ", "24 ", "445", "771"]
mapped: [1247, 1447, 51]
padded: ["7559", "219 ", "453 ", "27  "]
mapped: [7242, 5157, 593, 9]
padded: ["2915", "483 ", "621 ", "68  "]
mapped: [2466, 9828, 131, 5]
padded: ["53", "43", "95", "99"]
mapped: [5499, 3359]
padded: ["633 ", "929 ", "2119", "4863"]
mapped: [6924, 3218, 3916, 93]
padded: ["8971", "6544", "43  ", "61  "]
mapped: [8646, 9531, 74, 14]
padded: ["815", "321", "396", "179"]
mapped: [8331, 1297, 5169]
padded: ["315", "758", "87 ", "23 "]
mapped: [3782, 1573, 58]
padded: ["4  ", "315", "555", "679"]
mapped: [4356, 157, 559]
padded: ["432", "113", "457", "438"]
mapped: [4144, 3153, 2378]
padded: ["28  ", "81  ", "4692", "7954"]
mapped: [2847, 8169, 95, 24]
padded: ["2 ", "73", "26", "39"]
mapped: [2723, 369]
padded: ["93", "2 ", "5 ", "1 "]
mapped: [9251, 3]
padded: ["98  ", "766 ", "5756", "3656"]
mapped: [9753, 8676, 655, 66]
padded: ["62", "75", "19", "86"]
mapped: [6718, 2596]
padded: ["4559", "7682", "124 ", "39  "]
mapped: [4713, 5629, 584, 92]
padded: ["65", "16", "35", "7 "]
mapped: [6137, 565]
padded: ["99  ", "777 ", "797 ", "7281"]
mapped: [9777, 9792, 778, 1]
padded: ["32", "33", "34", "33"]
mapped: [3333, 2343]
padded: ["54 ", "288", "355", "673"]
mapped: [5236, 4857, 853]
padded: ["21", "56", "14", "41"]
mapped: [2514, 1641]
padded: ["232", "59 ", "3  ", "7  "]
mapped: [2537, 39, 2]
padded: ["58", "54", "55", "43"]
mapped: [5554, 8453]
padded: ["5 ", "7 ", "12", "59"]
mapped: [5715, 29]
padded: ["75 ", "84 ", "215", "899"]
mapped: [7828, 5419, 59]
padded: ["21", "36", "51", "47"]
mapped: [2354, 1617]
padded: ["34", "44", "56", "12"]
mapped: [3451, 4462]
padded: ["56 ", "471", "848", "764"]
mapped: [5487, 6746, 184]
padded: ["54 ", "44 ", "997", "887"]
mapped: [5498, 4498, 77]
padded: ["64", "12", "37", "66"]
mapped: [6136, 4276]
padded: ["5 ", "69", "16", "19"]
mapped: [5611, 969]
padded: ["25", "97", "53", "97"]
mapped: [2959, 5737]
padded: ["65", "11", "8 ", "5 "]
mapped: [6185, 51]
padded: ["973", "651", "715", "649"]
mapped: [9676, 7514, 3159]
padded: ["6  ", "676", "778", "149"]
mapped: [6671, 774, 689]
padded: ["96 ", "53 ", "762", "283"]
mapped: [9572, 6368, 23]
padded: ["73", "71", "25", "3 "]
mapped: [7723, 315]
padded: ["4442", "3375", "6236", "68  "]
mapped: [4366, 4328, 473, 256]
padded: ["3 ", "72", "54", "73"]
mapped: [3757, 243]
padded: ["448", "351", "28 ", "67 "]
mapped: [4326, 4587, 81]
padded: ["434", "218", "63 ", "68 "]
mapped: [4266, 3138, 48]
padded: ["22", "15", "93", "46"]
mapped: [2194, 2536]
padded: ["88  ", "693 ", "4595", "4828"]
mapped: [8644, 8958, 392, 58]
padded: ["6  ", "279", "651", "926"]
mapped: [6269, 752, 916]
padded: ["31", "17", "88", "95"]
mapped: [3189, 1785]
padded: ["677", "83 ", "18 ", "8  "]
mapped: [6818, 738, 7]
padded: ["4 ", "74", "14", "94"]
mapped: [4719, 444]
padded: ["959", "481", "391", "58 "]
mapped: [9435, 5898, 911]
padded: ["992", "625", "593", "422"]
mapped: [9654, 9292, 2532]
padded: ["664", "763", "534", "6  "]
mapped: [6756, 663, 434]
padded: ["1754", "8577", "7166", "6376"]
mapped: [1876, 7513, 5767, 4766]
padded: ["87", "62", "6 ", "7 "]
mapped: [8667, 72]
padded: ["187", "556", "82 ", "34 "]
mapped: [1583, 8524, 76]
padded: ["4624", "4817", "2553", "934 "]
mapped: [4429, 6853, 2154, 473]
padded: ["528", "165", "529", "572"]
mapped: [5155, 2627, 8592]
padded: ["12  ", "66  ", "7175", "9765"]
mapped: [1679, 2617, 76, 55]
padded: ["849", "439", "746", "776"]
mapped: [8477, 4347, 9966]
padded: ["2121", "6444", "549 ", "758 "]
mapped: [2657, 1445, 2498, 14]
padded: ["21 ", "112", "252", "343"]
mapped: [2123, 1154, 223]
padded: ["92", "51", "18", "62"]
mapped: [9516, 2182]
padded: ["24", "68", "16", "68"]
mapped: [2616, 4868]
padded: ["459", "778", "531", "242"]
mapped: [4752, 5734, 9812]
padded: ["553", "512", "944", "114"]
mapped: [5591, 5141, 3244]
padded: ["497", "733", "413", "39 "]
mapped: [4743, 9319, 733]
padded: ["3 ", "1 ", "91", "76"]
mapped: [3197, 16]
padded: ["2 ", "19", "29", "15"]
mapped: [2121, 995]
padded: ["96 ", "14 ", "249", "712"]
mapped: [9127, 6441, 92]
padded: ["11 ", "63 ", "36 ", "761"]
mapped: [1637, 1366, 1]
padded: ["78", "51", "47", "83"]
mapped: [7548, 8173]
padded: ["7747", "9184", "664 ", "12  "]
mapped: [7961, 7162, 484, 74]
padded: ["15  ", "62  ", "577 ", "7731"]
mapped: [1657, 5277, 73, 1]
padded: ["13 ", "771", "932", "632"]
mapped: [1796, 3733, 122]
padded: ["324", "177", "278", "144"]
mapped: [3121, 2774, 4784]
padded: ["857", "565", "184", "454"]
mapped: [8514, 5685, 7544]
padded: ["35", "91", "74", "87"]
mapped: [3978, 5147]
padded: ["49", "97", "29", "18"]
mapped: [4921, 9798]
padded: ["65 ", "149", "911", "214"]
mapped: [6192, 5411, 914]
padded: ["53  ", "472 ", "591 ", "4818"]
mapped: [5454, 3798, 211, 8]
padded: ["8187", "2444", "951 ", "344 "]
mapped: [8293, 1454, 8414, 74]
padded: ["773", "216", "369", "48 "]
mapped: [7234, 7168, 369]
padded: ["85 ", "97 ", "833", "853"]
mapped: [8988, 5735, 33]
padded: ["81 ", "69 ", "243", "172"]
mapped: [8621, 1947, 32]
padded: ["691", "416", "23 ", "4  "]
mapped: [6424, 913, 16]
padded: ["58 ", "744", "842", "967"]
mapped: [5789, 8446, 427]
padded: ["534", "198", "231", "743"]
mapped: [5127, 3934, 4813]
padded: ["277", "599", "35 ", "2  "]
mapped: [2532, 795, 79]
padded: ["5463", "6617", "5285", "947 "]
mapped: [5659, 4624, 6187, 375]
padded: ["4428", "3675", "111 ", "24  "]
mapped: [4312, 4614, 271, 85]
padded: ["55", "18", "41", "62"]
mapped: [5146, 5812]
padded: ["42", "51", "54", "47"]
mapped: [4554, 2147]
padded: ["97 ", "59 ", "828", "585"]
mapped: [9585, 7928, 85]
padded: ["34", "15", "66", "42"]
mapped: [3164, 4562]
padded: ["742", "475", "918", "9  "]
mapped: [7499, 471, 258]
padded: ["6  ", "978", "392", "241"]
mapped: [6932, 794, 821]
padded: ["4445", "9818", "1163", "592 "]
mapped: [4915, 4819, 4162, 583]
padded: ["9663", "559 ", "296 ", "252 "]
mapped: [9522, 6595, 6962, 3]
padded: ["953", "229", "234", "19 "]
mapped: [9221, 5239, 394]
padded: ["476", "289", "758", "5  "]
mapped: [4275, 785, 698]
padded: ["47", "85", "23", "2 "]
mapped: [4822, 753]
padded: ["24 ", "945", "477", "811"]
mapped: [2948, 4471, 571]
padded: ["9727", "448 ", "621 ", "454 "]
mapped: [9464, 7425, 2814, 7]
padded: ["53", "33", "4 ", "2 "]
mapped: [5342, 33]
padded: ["19", "41", "67", "52"]
mapped: [1465, 9172]
padded: ["3752", "6176", "8254", "784 "]
mapped: [3687, 7128, 5754, 264]
padded: ["448", "98 ", "48 ", "7  "]
mapped: [4947, 488, 8]
padded: ["596", "288", "517", "219"]
mapped: [5252, 9811, 6879]
padded: ["2878", "177 ", "649 ", "53  "]
mapped: [2165, 8743, 779, 8]
padded: ["35 ", "467", "828", "168"]
mapped: [3481, 5626, 788]
padded: ["644 ", "545 ", "211 ", "7275"]
mapped: [6527, 4412, 4517, 5]
padded: ["8 ", "14", "52", "58"]
mapped: [8155, 428]
padded: ["3373", "2279", "634 ", "532 "]
mapped: [3265, 3233, 7742, 39]
padded: ["5838", "6625", "8865", "7116"]
mapped: [5687, 8681, 3261, 8556]
padded: ["962", "925", "87 ", "8  "]
mapped: [9988, 627, 25]
padded: ["9 ", "16", "98", "89"]
mapped: [9198, 689]
padded: ["9 ", "39", "97", "88"]
mapped: [9398, 978]
padded: ["77", "96", "87", "7 "]
mapped: [7987, 767]
padded: ["445", "736", "923", "8  "]
mapped: [4798, 432, 563]
padded: ["258", "771", "253", "5  "]
mapped: [2725, 575, 813]
padded: ["64 ", "38 ", "566", "432"]
mapped: [6354, 4863, 62]
padded: ["936", "278", "92 ", "88 "]
mapped: [9298, 3728, 68]
padded: ["585", "943", "162", "9  "]
mapped: [5919, 846, 532]
padded: ["8318", "4978", "413 ", "5   "]
mapped: [8445, 391, 173, 88]
padded: ["7 ", "28", "77", "74"]
mapped: [7277, 874]
padded: ["74", "47", "89", "68"]
mapped: [7486, 4798]
padded: ["6285", "8121", "9122", "2951"]
mapped: [6892, 2119, 8225, 5121]
padded: ["487 ", "245 ", "1237", "1546"]
mapped: [4211, 8425, 7534, 76]
padded: ["59 ", "36 ", "63 ", "871"]
mapped: [5368, 9637, 1]
padded: ["37", "94", "37", "26"]
mapped: [3932, 7476]
padded: ["41", "1 ", "8 ", "9 "]
mapped: [4189, 1]
padded: ["13", "39", "56", "15"]
mapped: [1351, 3965]
padded: ["712", "245", "826", "717"]
mapped: [7287, 1421, 2567]
padded: ["535", "663", "2  ", "9  "]
mapped: [5629, 36, 53]
padded: ["33", "58", "64", "3 "]
mapped: [3563, 384]
padded: ["593", "935", "597", "25 "]
mapped: [5952, 9395, 357]
padded: ["45", "45", "59", "61"]
mapped: [4456, 5591]
padded: ["963", "526", "542", "5  "]
mapped: [9555, 624, 362]
padded: ["9  ", "62 ", "495", "388"]
mapped: [9643, 298, 58]
padded: ["328 ", "9331", "8779", "1476"]
mapped: [3981, 2374, 8377, 196]
padded: ["419", "846", "763", "866"]
mapped: [4878, 1466, 9636]
padded: ["9  ", "57 ", "274", "417"]
mapped: [9524, 771, 47]
padded: ["28", "38", "47", "55"]
mapped: [2345, 8875]
padded: ["74", "71", "48", "64"]
mapped: [7746, 4184]
padded: ["44", "18", "26", "7 "]
mapped: [4127, 486]
padded: ["24", "23", "38", "86"]
mapped: [2238, 4386]
padded: ["482 ", "5814", "9586", "5934"]
mapped: [4595, 8859, 2183, 464]
padded: ["452", "297", "488", "456"]
mapped: [4244, 5985, 2786]
padded: ["47", "63", "54", "8 "]
mapped: [4658, 734]
padded: ["7  ", "41 ", "25 ", "345"]
mapped: [7423, 154, 5]
padded: ["136", "936", "986", "35 "]
mapped: [1993, 3385, 666]
padded: ["669", "676", "65 ", "5  "]
mapped: [6665, 675, 96]
padded: ["344", "972", "516", "41 "]
mapped: [3954, 4711, 426]
padded: ["36", "97", "72", "74"]
mapped: [3977, 6724]
padded: ["24", "27", "51", "48"]
mapped: [2254, 4718]
padded: ["43", "32", "35", "69"]
mapped: [4336, 3259]
padded: ["2 ", "15", "87", "99"]
mapped: [2189, 579]
padded: ["55 ", "48 ", "786", "299"]
mapped: [5472, 5889, 69]
padded: ["54 ", "243", "489", "982"]
mapped: [5249, 4488, 392]
padded: ["96", "19", "76", "87"]
mapped: [9178, 6967]
padded: ["4 ", "2 ", "13", "65"]
mapped: [4216, 35]
padded: ["9897", "2327", "6671", "5293"]
mapped: [9265, 8362, 9279, 7713]
padded: ["36 ", "135", "558", "365"]
mapped: [3153, 6356, 585]
padded: ["75  ", "6665", "7472", "7774"]
mapped: [7677, 5647, 677, 524]
padded: ["888 ", "428 ", "9139", "5933"]
mapped: [8495, 8219, 8833, 93]
padded: ["64 ", "92 ", "249", "859"]
mapped: [6928, 4245, 99]
padded: ["6889", "9449", "695 ", "647 "]
mapped: [6966, 8494, 8457, 99]
padded: ["7  ", "58 ", "11 ", "467"]
mapped: [7514, 816, 7]
padded: ["361", "988", "354", "26 "]
mapped: [3932, 6856, 184]
padded: ["6952", "2459", "88  ", "96  "]
mapped: [6289, 9486, 55, 29]
padded: ["11 ", "368", "829", "316"]
mapped: [1383, 1621, 896]
padded: ["24", "85", "99", "4 "]
mapped: [2894, 459]
padded: ["699", "482", "855", "22 "]
mapped: [6482, 9852, 925]
padded: ["63", "94", "44", "76"]
mapped: [6947, 3446]
padded: ["2881", "1254", "116 ", "48  "]
mapped: [2114, 8218, 856, 14]
padded: ["35 ", "51 ", "33 ", "278"]
mapped: [3532, 5137, 8]
padded: ["6  ", "1  ", "71 ", "797"]
mapped: [6177, 19, 7]
padded: ["54", "53", "27", "97"]
mapped: [5529, 4377]
padded: ["72", "81", "37", "2 "]
mapped: [7832, 217]
padded: ["569", "898", "678", "35 "]
mapped: [5863, 6975, 988]
padded: ["8 ", "31", "98", "97"]
mapped: [8399, 187]
padded: ["55", "58", "62", "3 "]
mapped: [5563, 582]
padded: ["21", "71", "99", "95"]
mapped: [2799, 1195]
padded: ["35 ", "59 ", "296", "115"]
mapped: [3521, 5991, 65]
padded: ["62", "36", "22", "85"]
mapped: [6328, 2625]
padded: ["886", "143", "555", "542"]
mapped: [8155, 8454, 6352]
padded: ["718", "757", "39 ", "21 "]
mapped: [7732, 1591, 87]
padded: ["112", "377", "78 ", "18 "]
mapped: [1371, 1788, 27]
padded: ["88", "37", "46", "66"]
mapped: [8346, 8766]
padded: ["9223", "272 ", "645 ", "95  "]
mapped: [9269, 2745, 225, 3]
padded: ["68", "72", "38", "95"]
mapped: [6739, 8285]
padded: ["41", "38", "89", "98"]
mapped: [4389, 1898]
padded: ["45 ", "146", "186", "945"]
mapped: [4119, 5484, 665]
padded: ["4   ", "6657", "1686", "9627"]
mapped: [4619, 666, 582, 767]
padded: ["356", "64 ", "6  ", "4  "]
mapped: [3664, 54, 6]
padded: ["274", "78 ", "67 ", "97 "]
mapped: [2769, 7877, 4]
padded: ["75 ", "255", "762", "943"]
mapped: [7279, 5564, 523]
padded: ["881", "816", "365", "71 "]
mapped: [8837, 8161, 165]
padded: ["45 ", "389", "916", "646"]
mapped: [4396, 5814, 966]
padded: ["24 ", "922", "887", "815"]
mapped: [2988, 4281, 275]
padded: ["82", "23", "17", "6 "]
mapped: [8216, 237]
padded: ["223", "453", "471", "178"]
mapped: [2441, 2577, 3318]
padded: ["55", "68", "9 ", "8 "]
mapped: [5698, 58]
padded: ["237", "699", "3  ", "2  "]
mapped: [2632, 39, 79]
padded: ["5  ", "68 ", "45 ", "626"]
mapped: [5646, 852, 6]
padded: ["6466", "9722", "5459", "576 "]
mapped: [6955, 4747, 6256, 629]
padded: ["466", "927", "49 ", "51 "]
mapped: [4945, 6291, 67]
padded: ["982", "284", "75 ", "89 "]
mapped: [9278, 8859, 24]
padded: ["47", "97", "19", "44"]
mapped: [4914, 7794]
padded: ["45", "22", "7 ", "4 "]
mapped: [4274, 52]
padded: ["84", "11", "84", "52"]
mapped: [8185, 4142]
padded: ["186", "481", "95 ", "13 "]
mapped: [1491, 8853, 61]
padded: ["625", "889", "643", "6  "]
mapped: [6866, 284, 593]
padded: ["896", "589", "91 ", "94 "]
mapped: [8599, 9814, 69]
padded: ["2538", "4393", "2564", "226 "]
mapped: [2422, 5352, 3966, 834]
padded: ["93", "79", "23", "66"]
mapped: [9726, 3936]
padded: ["81", "43", "73", "58"]
mapped: [8475, 1338]
padded: ["81  ", "7811", "8211", "1973"]
mapped: [8781, 1829, 117, 113]
padded: ["95 ", "959", "842", "158"]
mapped: [9981, 5545, 928]
padded: ["21", "27", "98", "33"]
mapped: [2293, 1783]
padded: ["69  ", "59  ", "416 ", "2214"]
mapped: [6542, 9912, 61, 4]
padded: ["3 ", "4 ", "28", "44"]
mapped: [3424, 84]
padded: ["25", "48", "61", "51"]
mapped: [2465, 5811]
padded: ["7 ", "33", "24", "36"]
mapped: [7323, 346]
padded: ["1823", "2456", "7962", "8   "]
mapped: [1278, 849, 256, 362]
padded: ["3 ", "54", "32", "96"]
mapped: [3539, 426]
padded: ["96", "3 ", "2 ", "1 "]
mapped: [9321, 6]
padded: ["74", "65", "82", "41"]
mapped: [7684, 4521]
padded: ["4472", "2632", "551 ", "42  "]
mapped: [4254, 4652, 731, 22]
padded: ["97", "69", "49", "3 "]
mapped: [9643, 799]
padded: ["5 ", "9 ", "73", "32"]
mapped: [5973, 32]
padded: ["9 ", "23", "35", "25"]
mapped: [9232, 355]
padded: ["23", "36", "97", "24"]
mapped: [2392, 3674]
padded: ["91 ", "869", "452", "697"]
mapped: [9846, 1659, 927]
padded: ["2593", "1551", "636 ", "37  "]
mapped: [2163, 5537, 956, 31]
padded: ["1 ", "7 ", "4 ", "42"]
mapped: [1744, 2]
padded: ["22 ", "24 ", "232", "487"]
mapped: [2224, 2438, 27]
padded: ["2 ", "8 ", "3 ", "64"]
mapped: [2836, 4]
padded: ["33", "87", "62", "9 "]
mapped: [3869, 372]
padded: ["18", "2 ", "8 ", "8 "]
mapped: [1288, 8]
padded: ["83", "65", "64", "81"]
mapped: [8668, 3541]
padded: ["16", "13", "69", "8 "]
mapped: [1168, 639]
padded: ["54", "46", "13", "65"]
mapped: [5416, 4635]
padded: ["4283", "4246", "8661", "29  "]
mapped: [4482, 2269, 846, 361]
padded: ["832", "135", "52 ", "7  "]
mapped: [8157, 332, 25]
padded: ["7  ", "3  ", "23 ", "333"]
mapped: [7323, 33, 3]
padded: ["75 ", "38 ", "123", "671"]
mapped: [7316, 5827, 31]
padded: ["8 ", "77", "61", "56"]
mapped: [8765, 716]
padded: ["48", "93", "45", "76"]
mapped: [4947, 8356]
padded: ["446", "669", "783", "849"]
mapped: [4678, 4684, 6939]
padded: ["8884", "841 ", "45  ", "3   "]
mapped: [8843, 845, 81, 4]
padded: ["1 ", "9 ", "57", "75"]
mapped: [1957, 75]
padded: ["25", "99", "19", "5 "]
mapped: [2915, 599]
padded: ["5 ", "48", "35", "92"]
mapped: [5439, 852]
padded: ["944", "541", "434", "452"]
mapped: [9544, 4435, 4142]
padded: ["1537", "4518", "6771", "3212"]
mapped: [1463, 5572, 3171, 7812]
padded: ["45 ", "483", "249", "732"]
mapped: [4427, 5843, 392]
padded: ["761", "267", "335", "151"]
mapped: [7231, 6635, 1751]
padded: ["981", "13 ", "6  ", "2  "]
mapped: [9162, 83, 1]
padded: ["4 ", "6 ", "79", "78"]
mapped: [4677, 98]
padded: ["789", "762", "5  ", "7  "]
mapped: [7757, 86, 92]
padded: ["4 ", "8 ", "63", "98"]
mapped: [4869, 38]
padded: ["1 ", "93", "46", "53"]
mapped: [1945, 363]
padded: ["86", "94", "72", "28"]
mapped: [8972, 6428]
padded: ["79 ", "56 ", "146", "489"]
mapped: [7514, 9648, 69]
padded: ["428", "466", "4  ", "7  "]
mapped: [4447, 26, 86]
padded: ["6  ", "19 ", "523", "415"]
mapped: [6154, 921, 35]
padded: ["45", "74", "53", "13"]
mapped: [4751, 5433]
padded: ["29 ", "865", "172", "964"]
mapped: [2819, 9676, 524]
padded: ["5269", "2343", "857 ", "93  "]
mapped: [5289, 2353, 647, 93]
padded: ["56  ", "235 ", "2868", "8995"]
mapped: [5228, 6389, 569, 85]
padded: ["83", "51", "64", "11"]
mapped: [8561, 3141]
padded: ["29  ", "823 ", "369 ", "9714"]
mapped: [2839, 9267, 391, 4]
padded: ["3273", "8666", "3485", "21  "]
mapped: [3832, 2641, 768, 365]
padded: ["8  ", "776", "594", "461"]
mapped: [8754, 796, 641]
padded: ["1 ", "43", "19", "81"]
mapped: [1418, 391]
padded: ["15", "18", "1 ", "1 "]
mapped: [1111, 58]
padded: ["1  ", "19 ", "452", "217"]
mapped: [1142, 951, 27]
padded: ["1 ", "85", "45", "82"]
mapped: [1848, 552]
padded: ["38", "61", "59", "11"]
mapped: [3651, 8191]
padded: ["57", "72", "89", "23"]
mapped: [5782, 7293]
padded: ["497", "336", "489", "9  "]
mapped: [4349, 938, 769]
padded: ["965", "594", "188", "392"]
mapped: [9513, 6989, 5482]
padded: ["25", "82", "76", "56"]
mapped: [2875, 5266]
padded: ["1 ", "77", "45", "86"]
mapped: [1748, 756]
padded: ["228", "656", "629", "513"]
mapped: [2665, 2521, 8693]
padded: ["34", "78", "4 ", "2 "]
mapped: [3742, 48]
padded: ["65", "84", "12", "79"]
mapped: [6817, 5429]
padded: ["79", "49", "23", "34"]
mapped: [7423, 9934]
padded: ["6  ", "9  ", "538", "459"]
mapped: [6954, 35, 89]
padded: ["7444", "3616", "258 ", "634 "]
mapped: [7326, 4653, 4184, 46]
padded: ["18", "17", "87", "76"]
mapped: [1187, 8776]
padded: ["32", "29", "84", "5 "]
mapped: [3285, 294]
padded: ["454", "656", "874", "152"]
mapped: [4681, 5575, 4642]
padded: ["585", "834", "51 ", "45 "]
mapped: [5854, 8315, 54]
padded: ["73", "14", "3 ", "5 "]
mapped: [7135, 34]
padded: ["28", "55", "66", "81"]
mapped: [2568, 8561]
padded: ["698 ", "263 ", "989 ", "3976"]
mapped: [6293, 9689, 8397, 6]
padded: ["6873", "2826", "218 ", "94  "]
mapped: [6229, 8814, 728, 36]
padded: ["969", "457", "115", "93 "]
mapped: [9419, 6513, 975]
padded: ["5  ", "98 ", "15 ", "122"]
mapped: [5911, 852, 2]
padded: ["215", "296", "338", "525"]
mapped: [2235, 1932, 5685]
padded: ["36", "89", "48", "2 "]
mapped: [3842, 698]
padded: ["55  ", "9539", "5877", "4498"]
mapped: [5954, 5584, 379, 978]
padded: ["53", "63", "46", "31"]
mapped: [5643, 3361]
padded: ["452", "682", "316", "49 "]
mapped: [4634, 5819, 226]
padded: ["36 ", "329", "232", "714"]
mapped: [3327, 6231, 924]
padded: ["9919", "8572", "7765", "55  "]
mapped: [9875, 9575, 176, 925]
padded: ["552", "386", "31 ", "86 "]
mapped: [5338, 5816, 26]
padded: ["12", "76", "67", "21"]
mapped: [1762, 2671]
padded: ["499", "786", "84 ", "64 "]
mapped: [4786, 9844, 96]
padded: ["49", "73", "27", "46"]
mapped: [4724, 9376]
padded: ["79", "73", "66", "8 "]
mapped: [7768, 936]
padded: ["8  ", "31 ", "391", "512"]
mapped: [8335, 191, 12]
padded: ["15", "65", "28", "13"]
mapped: [1621, 5583]
padded: ["49", "98", "75", "9 "]
mapped: [4979, 985]
padded: ["112", "287", "822", "673"]
mapped: [1286, 1827, 2723]
padded: ["67 ", "795", "884", "417"]
mapped: [6784, 7981, 547]
padded: ["9 ", "3 ", "62", "15"]
mapped: [9361, 25]
padded: ["52", "57", "93", "29"]
mapped: [5592, 2739]
padded: ["8669", "6334", "555 ", "62  "]
mapped: [8656, 6352, 635, 94]
padded: ["73", "56", "79", "97"]
mapped: [7579, 3697]
padded: ["524", "364", "552", "678"]
mapped: [5356, 2657, 4428]
padded: ["692", "569", "61 ", "5  "]
mapped: [6565, 961, 29]
padded: ["21", "59", "52", "12"]
mapped: [2551, 1922]
padded: ["472", "875", "883", "9  "]
mapped: [4889, 778, 253]
padded: ["774", "146", "517", "94 "]
mapped: [7159, 7414, 467]
padded: ["87", "84", "7 ", "2 "]
mapped: [8872, 74]
padded: ["6569", "2127", "9551", "169 "]
mapped: [6291, 5156, 6259, 971]
padded: ["1  ", "93 ", "663", "468"]
mapped: [1964, 366, 38]
padded: ["54 ", "385", "843", "714"]
mapped: [5387, 4841, 534]
padded: ["2 ", "35", "22", "32"]
mapped: [2323, 522]
padded: ["2491", "9796", "9376", "969 "]
mapped: [2999, 4736, 9979, 166]
padded: ["93  ", "8964", "2319", "8263"]
mapped: [9828, 3932, 616, 493]
padded: ["2  ", "276", "446", "196"]
mapped: [2241, 749, 666]
padded: ["91", "43", "29", "9 "]
mapped: [9429, 139]
padded: ["744", "664", "84 ", "11 "]
mapped: [7681, 4641, 44]
padded: ["21", "56", "99", "1 "]
mapped: [2591, 169]
padded: ["8  ", "49 ", "483", "748"]
mapped: [8447, 984, 38]
padded: ["98", "11", "1 ", "7 "]
mapped: [9117, 81]
padded: ["29  ", "984 ", "8718", "6593"]
mapped: [2986, 9875, 419, 83]
padded: ["9 ", "67", "22", "22"]
mapped: [9622, 722]
padded: ["195", "788", "651", "6  "]
mapped: [1766, 985, 581]
padded: ["2   ", "2   ", "653 ", "2763"]
mapped: [2262, 57, 36, 3]
padded: ["7   ", "5784", "5724", "1376"]
mapped: [7551, 773, 827, 446]
padded: ["55", "75", "8 ", "2 "]
mapped: [5782, 55]
padded: ["35 ", "543", "167", "983"]
mapped: [3519, 5468, 373]
padded: ["85", "41", "29", "4 "]
mapped: [8424, 519]
padded: ["34", "88", "31", "39"]
mapped: [3833, 4819]
padded: ["37", "94", "44", "21"]
mapped: [3942, 7441]
padded: ["77", "49", "73", "13"]
mapped: [7471, 7933]
padded: ["3 ", "47", "62", "42"]
mapped: [3464, 722]
padded: ["84", "95", "56", "93"]
mapped: [8959, 4563]
padded: ["11 ", "293", "332", "123"]
mapped: [1231, 1932, 323]
padded: ["8 ", "43", "46", "95"]
mapped: [8449, 365]
padded: ["373", "972", "836", "542"]
mapped: [3985, 7734, 3262]
padded: ["13", "98", "2 ", "9 "]
mapped: [1929, 38]
padded: ["73", "64", "66", "62"]
mapped: [7666, 3462]
padded: ["74 ", "96 ", "68 ", "267"]
mapped: [7962, 4686, 7]
padded: ["8  ", "233", "984", "575"]
mapped: [8295, 387, 345]
padded: ["499", "635", "586", "746"]
mapped: [4657, 9384, 9566]
padded: ["68", "16", "77", "28"]
mapped: [6172, 8678]
padded: ["74", "73", "84", "33"]
mapped: [7783, 4343]
padded: ["2655", "799 ", "937 ", "72  "]
mapped: [2797, 6932, 597, 5]
padded: ["72", "78", "3 ", "7 "]
mapped: [7737, 28]
padded: ["28", "31", "99", "19"]
mapped: [2391, 8199]
padded: ["49", "18", "17", "17"]
mapped: [4111, 9877]
padded: ["6  ", "46 ", "494", "692"]
mapped: [6446, 699, 42]
padded: ["9345", "4181", "895 ", "94  "]
mapped: [9489, 3194, 485, 51]
padded: ["6884", "651 ", "427 ", "36  "]
mapped: [6643, 8526, 817, 4]
padded: ["583 ", "2719", "4594", "3791"]
mapped: [5243, 8757, 3199, 941]
padded: ["562", "446", "758", "774"]
mapped: [5477, 6457, 2684]
padded: ["68", "25", "34", "96"]
mapped: [6239, 8546]
padded: ["45", "75", "2 ", "4 "]
mapped: [4724, 55]
padded: ["6931", "442 ", "552 ", "11  "]
mapped: [6451, 9451, 322, 1]
padded: ["59", "58", "37", "53"]
mapped: [5535, 9873]
padded: ["248", "375", "81 ", "66 "]
mapped: [2386, 4716, 85]
padded: ["88", "81", "43", "28"]
mapped: [8842, 8138]
padded: ["7   ", "592 ", "263 ", "7726"]
mapped: [7527, 967, 232, 6]
padded: ["12", "32", "32", "67"]
mapped: [1336, 2227]
padded: ["11", "68", "2 ", "8 "]
mapped: [1628, 18]
padded: ["47", "45", "51", "19"]
mapped: [4451, 7519]
padded: ["653", "911", "691", "162"]
mapped: [6961, 5196, 3112]
padded: ["87", "59", "86", "65"]
mapped: [8586, 7965]
padded: ["332", "275", "283", "85 "]
mapped: [3228, 3785, 253]
padded: ["223", "721", "692", "519"]
mapped: [2765, 2291, 3129]
padded: ["58", "22", "55", "94"]
mapped: [5259, 8254]
padded: ["58 ", "586", "766", "478"]
mapped: [5574, 8867, 668]
padded: ["8   ", "33  ", "6566", "8251"]
mapped: [8368, 352, 65, 61]
padded: ["739", "222", "32 ", "1  "]
mapped: [7231, 322, 92]
padded: ["83  ", "6474", "9956", "8335"]
mapped: [8698, 3493, 753, 465]
padded: ["28", "7 ", "7 ", "4 "]
mapped: [2774, 8]
padded: ["53 ", "842", "958", "557"]
mapped: [5895, 3455, 287]
padded: ["54", "34", "87", "87"]
mapped: [5388, 4477]
padded: ["621", "958", "479", "97 "]
mapped: [6949, 2577, 189]
padded: ["669", "456", "29 ", "43 "]
mapped: [6424, 6593, 96]
padded: ["54", "84", "84", "3 "]
mapped: [5883, 444]
padded: ["6154", "9157", "2945", "1374"]
mapped: [6921, 1193, 5547, 4754]
padded: ["73", "49", "17", "6 "]
mapped: [7416, 397]
padded: ["3   ", "68  ", "988 ", "9239"]
mapped: [3699, 882, 83, 9]
padded: ["767", "215", "97 ", "3  "]
mapped: [7293, 617, 75]
padded: ["6  ", "81 ", "458", "747"]
mapped: [6847, 154, 87]
padded: ["92", "56", "9 ", "4 "]
mapped: [9594, 26]
padded: ["57", "35", "22", "98"]
mapped: [5329, 7528]
padded: ["5  ", "64 ", "443", "619"]
mapped: [5646, 441, 39]
padded: ["479 ", "3384", "3267", "2824"]
mapped: [4332, 7328, 9862, 474]
padded: ["4 ", "58", "98", "74"]
mapped: [4597, 884]
padded: ["26", "21", "93", "57"]
mapped: [2295, 6137]
padded: ["173", "77 ", "22 ", "34 "]
mapped: [1723, 7724, 3]
padded: ["94", "82", "82", "95"]
mapped: [9889, 4225]
padded: ["73  ", "1624", "4539", "5936"]
mapped: [7145, 3659, 233, 496]
padded: ["918", "938", "483", "35 "]
mapped: [9943, 1385, 883]
padded: ["83", "64", "84", "92"]
mapped: [8689, 3442]
padded: ["8 ", "92", "97", "52"]
mapped: [8995, 272]
padded: ["315", "438", "538", "532"]
mapped: [3455, 1333, 5882]
padded: ["51", "94", "21", "12"]
mapped: [5921, 1412]
padded: ["95", "16", "52", "27"]
mapped: [9152, 5627]
padded: ["85 ", "43 ", "425", "684"]
mapped: [8446, 5328, 54]
padded: ["183", "916", "327", "74 "]
mapped: [1937, 8124, 367]
padded: ["66", "84", "52", "31"]
mapped: [6853, 6421]
padded: ["79 ", "395", "288", "358"]
mapped: [7323, 9985, 588]
padded: ["3   ", "11  ", "133 ", "1296"]
mapped: [3111, 132, 39, 6]
padded: ["1  ", "44 ", "141", "372"]
mapped: [1413, 447, 12]
padded: ["444", "634", "634", "2  "]
mapped: [4662, 433, 444]
padded: ["3  ", "6  ", "161", "572"]
mapped: [3615, 67, 12]
padded: ["8285", "4252", "3377", "355 "]
mapped: [8433, 2235, 8575, 527]
padded: ["72", "75", "3 ", "3 "]
mapped: [7733, 25]
padded: ["667", "823", "59 ", "59 "]
mapped: [6855, 6299, 73]
padded: ["679 ", "6733", "8638", "1172"]
mapped: [6681, 7761, 9337, 382]
padded: ["22", "78", "76", "5 "]
mapped: [2775, 286]
padded: ["36 ", "81 ", "964", "784"]
mapped: [3897, 6168, 44]
padded: ["19", "87", "79", "87"]
mapped: [1878, 9797]
padded: ["59 ", "879", "396", "197"]
mapped: [5831, 9799, 967]
padded: ["18", "77", "97", "8 "]
mapped: [1798, 877]
padded: ["18 ", "131", "977", "729"]
mapped: [1197, 8372, 179]
padded: ["11", "22", "87", "26"]
mapped: [1282, 1276]
padded: ["244", "52 ", "6  ", "3  "]
mapped: [2563, 42, 4]
padded: ["96 ", "89 ", "332", "968"]
mapped: [9839, 6936, 28]
padded: ["7 ", "14", "64", "78"]
mapped: [7167, 448]
padded: ["29", "24", "8 ", "7 "]
mapped: [2287, 94]
padded: ["2 ", "8 ", "33", "14"]
mapped: [2831, 34]
padded: ["85", "26", "6 ", "3 "]
mapped: [8263, 56]
padded: ["31 ", "563", "837", "214"]
mapped: [3582, 1631, 374]
padded: ["7  ", "5  ", "916", "966"]
mapped: [7599, 16, 66]
padded: ["13", "57", "22", "31"]
mapped: [1523, 3721]
padded: ["12", "17", "71", "57"]
mapped: [1175, 2717]
padded: ["42 ", "88 ", "113", "158"]
mapped: [4811, 2815, 38]
padded: ["3 ", "9 ", "19", "95"]
mapped: [3919, 95]
padded: ["493 ", "5676", "7151", "9992"]
mapped: [4579, 9619, 3759, 612]
padded: ["883", "858", "162", "42 "]
mapped: [8814, 8562, 382]
padded: ["81", "6 ", "7 ", "3 "]
mapped: [8673, 1]
padded: ["71", "46", "11", "9 "]
mapped: [7419, 161]
padded: ["8 ", "2 ", "72", "23"]
mapped: [8272, 23]
padded: ["76 ", "29 ", "834", "164"]
mapped: [7281, 6936, 44]
padded: ["1 ", "8 ", "16", "81"]
mapped: [1818, 61]
padded: ["2935", "3175", "955 ", "38  "]
mapped: [2393, 9158, 375, 55]
padded: ["412", "717", "617", "97 "]
mapped: [4769, 1117, 277]
padded: ["67 ", "99 ", "624", "743"]
mapped: [6967, 7924, 43]
padded: ["83", "68", "8 ", "5 "]
mapped: [8685, 38]
padded: ["52  ", "69  ", "1124", "4318"]
mapped: [5614, 2913, 21, 48]
padded: ["4 ", "42", "36", "82"]
mapped: [4438, 262]
padded: ["633", "615", "977", "54 "]
mapped: [6695, 3174, 357]
padded: ["7  ", "8  ", "676", "689"]
mapped: [7866, 78, 69]
padded: ["355", "184", "31 ", "31 "]
mapped: [3133, 5811, 54]
padded: ["2 ", "29", "71", "27"]
mapped: [2272, 917]
padded: ["72 ", "638", "875", "667"]
mapped: [7686, 2376, 857]
padded: ["31", "19", "15", "22"]
mapped: [3112, 1952]
padded: ["47", "34", "45", "7 "]
mapped: [4347, 745]
padded: ["31", "77", "47", "67"]
mapped: [3746, 1777]
padded: ["97 ", "12 ", "549", "324"]
mapped: [9153, 7242, 94]
padded: ["92", "3 ", "8 ", "8 "]
mapped: [9388, 2]
padded: ["65", "76", "74", "53"]
mapped: [6775, 5643]
padded: ["51 ", "525", "139", "932"]
mapped: [5519, 1233, 592]
padded: ["79", "68", "84", "12"]
mapped: [7681, 9842]
padded: ["33  ", "42  ", "5396", "4414"]
mapped: [3454, 3234, 91, 64]
padded: ["51", "53", "66", "92"]
mapped: [5569, 1362]
padded: ["842", "549", "62 ", "1  "]
mapped: [8561, 442, 29]
padded: ["18", "92", "6 ", "9 "]
mapped: [1969, 82]
padded: ["75", "76", "43", "35"]
mapped: [7743, 5635]
padded: ["517", "536", "377", "28 "]
mapped: [5532, 1378, 767]
padded: ["15 ", "817", "456", "747"]
mapped: [1847, 5154, 767]
padded: ["965", "213", "111", "45 "]
mapped: [9214, 6115, 531]
padded: ["77", "84", "45", "85"]
mapped: [7848, 7455]
padded: ["31", "96", "55", "98"]
mapped: [3959, 1658]
padded: ["486 ", "4412", "6959", "3683"]
mapped: [4463, 8496, 6158, 293]
padded: ["742", "198", "581", "947"]
mapped: [7159, 4984, 2817]
padded: ["6 ", "57", "24", "73"]
mapped: [6527, 743]
padded: ["52", "76", "21", "27"]
mapped: [5722, 2617]
padded: ["6  ", "71 ", "323", "524"]
mapped: [6735, 122, 34]
padded: ["827", "534", "495", "323"]
mapped: [8543, 2392, 7453]
padded: ["398", "176", "6  ", "6  "]
mapped: [3166, 97, 86]
padded: ["4 ", "55", "47", "48"]
mapped: [4544, 578]
padded: ["76", "19", "86", "51"]
mapped: [7185, 6961]
padded: ["14", "11", "27", "41"]
mapped: [1124, 4171]
padded: ["14 ", "23 ", "292", "487"]
mapped: [1224, 4398, 27]
padded: ["341", "458", "218", "5  "]
mapped: [3425, 451, 188]
padded: ["6 ", "8 ", "73", "63"]
mapped: [6876, 33]
padded: ["595", "931", "87 ", "32 "]
mapped: [5983, 9372, 51]
padded: ["263", "385", "494", "983"]
mapped: [2349, 6898, 3543]
padded: ["14  ", "323 ", "537 ", "6181"]
mapped: [1356, 4231, 378, 1]
padded: ["86", "26", "49", "97"]
mapped: [8249, 6697]
padded: ["925", "872", "23 ", "32 "]
mapped: [9823, 2732, 52]
padded: ["69", "56", "6 ", "5 "]
mapped: [6565, 96]
padded: ["29 ", "187", "475", "675"]
mapped: [2146, 9877, 755]
padded: ["48  ", "432 ", "6216", "5562"]
mapped: [4465, 8325, 216, 62]
padded: ["33  ", "338 ", "3539", "6674"]
mapped: [3336, 3356, 837, 94]
padded: ["885", "377", "451", "916"]
mapped: [8349, 8751, 5716]
padded: ["72", "22", "12", "5 "]
mapped: [7215, 222]
padded: ["27 ", "96 ", "55 ", "567"]
mapped: [2955, 7656, 7]
padded: ["359 ", "348 ", "6494", "1145"]
mapped: [3361, 5441, 9894, 45]
padded: ["63", "12", "72", "18"]
mapped: [6171, 3228]
padded: ["11", "58", "67", "1 "]
mapped: [1561, 187]
padded: ["6 ", "45", "16", "94"]
mapped: [6419, 564]
padded: ["38", "61", "99", "81"]
mapped: [3698, 8191]
padded: ["49 ", "68 ", "138", "933"]
mapped: [4619, 9833, 83]
padded: ["251", "447", "536", "1  "]
mapped: [2451, 543, 176]
padded: ["791", "483", "547", "531"]
mapped: [7455, 9843, 1371]
padded: ["961", "368", "766", "784"]
mapped: [9377, 6668, 1864]
padded: ["734 ", "1365", "5934", "1385"]
mapped: [7151, 3393, 4638, 545]
padded: ["1621", "7114", "5467", "4217"]
mapped: [1754, 6142, 2161, 1477]
padded: ["58", "68", "69", "52"]
mapped: [5665, 8892]
padded: ["913", "917", "289", "64 "]
mapped: [9926, 1184, 379]
padded: ["9  ", "42 ", "263", "617"]
mapped: [9426, 261, 37]
padded: ["2553", "845 ", "468 ", "87  "]
mapped: [2848, 5467, 558, 3]
padded: ["8  ", "467", "523", "795"]
mapped: [8457, 629, 735]
padded: ["567", "247", "938", "18 "]
mapped: [5291, 6438, 778]
padded: ["5 ", "71", "11", "61"]
mapped: [5716, 111]
padded: ["9 ", "4 ", "2 ", "75"]
mapped: [9427, 5]
padded: ["98", "62", "36", "77"]
mapped: [9637, 8267]
padded: ["332", "453", "45 ", "71 "]
mapped: [3447, 3551, 23]
padded: ["1 ", "21", "65", "69"]
mapped: [1266, 159]
padded: ["45", "62", "1 ", "3 "]
mapped: [4613, 52]
padded: ["3 ", "4 ", "48", "58"]
mapped: [3445, 88]
padded: ["945", "588", "581", "9  "]
mapped: [9559, 488, 581]
padded: ["651", "343", "183", "93 "]
mapped: [6319, 5483, 133]
padded: ["33", "24", "59", "86"]
mapped: [3258, 3496]
padded: ["644", "333", "59 ", "6  "]
mapped: [6356, 439, 43]
padded: ["2 ", "92", "86", "64"]
mapped: [2986, 264]
padded: ["66", "87", "31", "37"]
mapped: [6833, 6717]
padded: ["92", "99", "13", "71"]
mapped: [9917, 2931]
padded: ["644", "476", "511", "34 "]
mapped: [6453, 4714, 461]
padded: ["97", "43", "56", "95"]
mapped: [9459, 7365]
padded: ["5  ", "55 ", "789", "666"]
mapped: [5576, 586, 96]
padded: ["99  ", "1972", "3922", "7844"]
mapped: [9137, 9998, 724, 224]
padded: ["5  ", "9  ", "826", "831"]
mapped: [5988, 23, 61]
padded: ["913", "589", "589", "717"]
mapped: [9557, 1881, 3997]
padded: ["5 ", "4 ", "33", "22"]
mapped: [5432, 32]
padded: ["45", "59", "58", "2 "]
mapped: [4552, 598]
padded: ["9751", "6631", "163 ", "52  "]
mapped: [9615, 7662, 533, 11]
padded: ["93", "88", "54", "9 "]
mapped: [9859, 384]
padded: ["54", "27", "44", "32"]
mapped: [5243, 4742]
padded: ["21", "65", "77", "34"]
mapped: [2673, 1574]
padded: ["9 ", "67", "68", "25"]
mapped: [9662, 785]
padded: ["327", "912", "75 ", "16 "]
mapped: [3971, 2156, 72]
padded: ["929", "813", "577", "629"]
mapped: [9856, 2172, 9379]
padded: ["4 ", "6 ", "68", "97"]
mapped: [4669, 87]
padded: ["492", "4  ", "4  ", "1  "]
mapped: [4441, 9, 2]
padded: ["71", "51", "77", "6 "]
mapped: [7576, 117]
padded: ["793 ", "8852", "3728", "4579"]
mapped: [7834, 9875, 3527, 289]
padded: ["16", "79", "11", "86"]
mapped: [1718, 6916]
padded: ["1 ", "84", "87", "84"]
mapped: [1888, 474]
padded: ["237", "249", "448", "181"]
mapped: [2241, 3448, 7981]
padded: ["38", "67", "82", "95"]
mapped: [3689, 8725]
padded: ["58  ", "1284", "4584", "5545"]
mapped: [5145, 8255, 884, 445]
padded: ["57", "51", "65", "83"]
mapped: [5568, 7153]
padded: ["48", "59", "36", "66"]
mapped: [4536, 8966]
padded: ["834", "314", "28 ", "63 "]
mapped: [8326, 3183, 44]
padded: ["3 ", "3 ", "1 ", "52"]
mapped: [3315, 2]
padded: ["864", "914", "18 ", "83 "]
mapped: [8918, 6183, 44]
padded: ["887", "758", "263", "39 "]
mapped: [8723, 8569, 783]
padded: ["26", "54", "24", "48"]
mapped: [2524, 6448]
padded: ["51", "83", "66", "94"]
mapped: [5869, 1364]
padded: ["23 ", "289", "592", "587"]
mapped: [2255, 3898, 927]
padded: ["57 ", "533", "628", "818"]
mapped: [5568, 7321, 388]
padded: ["434", "478", "391", "341"]
mapped: [4433, 3794, 4811]
padded: ["73", "41", "49", "8 "]
mapped: [7448, 319]
padded: ["33 ", "46 ", "324", "342"]
mapped: [3433, 3624, 42]
padded: ["657", "835", "157", "61 "]
mapped: [6816, 5351, 757]
padded: ["8 ", "2 ", "13", "72"]
mapped: [8217, 32]
padded: ["9 ", "66", "73", "27"]
mapped: [9672, 637]
padded: ["878", "158", "573", "578"]
mapped: [8155, 7577, 8838]
padded: ["2  ", "588", "836", "956"]
mapped: [2589, 835, 866]
padded: ["81", "31", "64", "11"]
mapped: [8361, 1141]
padded: ["5315", "2438", "9963", "816 "]
mapped: [5298, 3491, 1366, 583]
padded: ["73", "6 ", "1 ", "3 "]
mapped: [7613, 3]
padded: ["32", "78", "87", "1 "]
mapped: [3781, 287]
padded: ["75", "63", "38", "92"]
mapped: [7639, 5382]
padded: ["4 ", "99", "68", "78"]
mapped: [4967, 988]
padded: ["259", "934", "639", "69 "]
mapped: [2966, 5339, 949]
padded: ["68 ", "645", "791", "973"]
mapped: [6679, 8497, 513]
padded: ["9891", "4199", "4193", "5383"]
mapped: [9445, 8113, 9998, 1933]
padded: ["8398", "2292", "815 ", "27  "]
mapped: [8282, 3217, 995, 82]
padded: ["2172", "5843", "515 ", "7   "]
mapped: [2557, 181, 745, 23]
padded: ["61  ", "5572", "7943", "2678"]
mapped: [6572, 1596, 747, 238]
padded: ["87", "95", "14", "19"]
mapped: [8911, 7549]
padded: ["68", "19", "77", "3 "]
mapped: [6173, 897]
padded: ["22 ", "99 ", "386", "163"]
mapped: [2931, 2986, 63]
padded: ["66", "82", "46", "77"]
mapped: [6847, 6267]
padded: ["3778", "358 ", "996 ", "713 "]
mapped: [3397, 7591, 7863, 8]
padded: ["927", "849", "39 ", "98 "]
mapped: [9839, 2498, 79]
padded: ["13 ", "98 ", "762", "589"]
mapped: [1975, 3868, 29]
padded: ["6198", "5364", "88  ", "4   "]
mapped: [6584, 138, 96, 84]
padded: ["9931", "6388", "256 ", "47  "]
mapped: [9624, 9357, 386, 18]
padded: ["547", "413", "429", "799"]
mapped: [5447, 4129, 7399]
padded: ["9225", "119 ", "76  ", "8   "]
mapped: [9178, 216, 29, 5]
padded: ["771", "837", "22 ", "8  "]
mapped: [7828, 732, 17]
padded: ["324", "448", "73 ", "2  "]
mapped: [3472, 243, 48]
padded: ["65", "63", "85", "37"]
mapped: [6683, 5357]
padded: ["2   ", "7417", "4384", "6431"]
mapped: [2746, 434, 183, 741]
padded: ["722", "227", "89 ", "5  "]
mapped: [7285, 229, 27]
padded: ["8  ", "41 ", "426", "484"]
mapped: [8444, 128, 64]
padded: ["157", "864", "66 ", "17 "]
mapped: [1861, 5667, 74]
padded: ["38", "22", "51", "7 "]
mapped: [3257, 821]
padded: ["14", "3 ", "1 ", "4 "]
mapped: [1314, 4]
padded: ["498", "374", "711", "75 "]
mapped: [4377, 9715, 841]
padded: ["4269", "7923", "92  ", "1   "]
mapped: [4791, 292, 62, 93]
padded: ["656", "929", "343", "57 "]
mapped: [6935, 5247, 693]
padded: ["877", "14 ", "25 ", "5  "]
mapped: [8125, 745, 7]
padded: ["99", "12", "84", "84"]
mapped: [9188, 9244]
padded: ["39", "65", "27", "21"]
mapped: [3622, 9571]
padded: ["88", "38", "78", "28"]
mapped: [8372, 8888]
padded: ["66", "4 ", "1 ", "2 "]
mapped: [6412, 6]
padded: ["482", "274", "169", "83 "]
mapped: [4218, 8763, 249]
padded: ["21", "41", "34", "28"]
mapped: [2432, 1148]
padded: ["46", "47", "35", "2 "]
mapped: [4432, 675]
padded: ["449", "276", "182", "97 "]
mapped: [4219, 4787, 962]
padded: ["1 ", "22", "52", "64"]
mapped: [1256, 224]
padded: ["75", "77", "36", "52"]
mapped: [7735, 5762]
padded: ["91", "28", "99", "78"]
mapped: [9297, 1898]
padded: ["96", "65", "81", "14"]
mapped: [9681, 6514]
padded: ["6416", "6323", "8571", "985 "]
mapped: [6689, 4358, 1275, 631]
padded: ["17", "82", "5 ", "1 "]
mapped: [1851, 72]
padded: ["131", "736", "95 ", "24 "]
mapped: [1792, 3354, 16]
padded: ["64", "37", "2 ", "6 "]
mapped: [6326, 47]
padded: ["95", "57", "33", "74"]
mapped: [9537, 5734]
padded: ["79", "29", "28", "36"]
mapped: [7223, 9986]
padded: ["983", "562", "961", "731"]
mapped: [9597, 8663, 3211]
padded: ["668", "14 ", "6  ", "6  "]
mapped: [6166, 64, 8]
padded: ["5 ", "63", "63", "56"]
mapped: [5665, 336]
padded: ["934", "969", "329", "53 "]
mapped: [9935, 3623, 499]
padded: ["48", "97", "19", "6 "]
mapped: [4916, 879]
padded: ["512", "864", "793", "686"]
mapped: [5876, 1698, 2436]
padded: ["23", "89", "36", "83"]
mapped: [2838, 3963]
padded: ["3 ", "51", "96", "39"]
mapped: [3593, 169]
padded: ["22", "12", "29", "6 "]
mapped: [2126, 229]
padded: ["76", "37", "25", "76"]
mapped: [7327, 6756]
padded: ["64", "85", "97", "4 "]
mapped: [6894, 457]
padded: ["2  ", "2  ", "22 ", "934"]
mapped: [2229, 23, 4]
padded: ["857", "478", "118", "226"]
mapped: [8412, 5712, 7886]
padded: ["96", "85", "5 ", "5 "]
mapped: [9855, 65]
padded: ["79 ", "32 ", "251", "237"]
mapped: [7322, 9253, 17]
padded: ["27", "98", "71", "63"]
mapped: [2976, 7813]
padded: ["35 ", "246", "155", "946"]
mapped: [3219, 5454, 656]
padded: ["4 ", "25", "19", "12"]
mapped: [4211, 592]
padded: ["48", "12", "38", "76"]
mapped: [4137, 8286]
padded: ["5227", "4353", "5144", "58  "]
mapped: [5455, 2318, 254, 734]
padded: ["8979", "2173", "137 ", "932 "]
mapped: [8219, 9133, 7772, 93]
padded: ["55 ", "465", "236", "284"]
mapped: [5422, 5638, 564]
padded: ["6863", "914 ", "55  ", "31  "]
mapped: [6953, 8151, 64, 3]
padded: ["894", "458", "956", "71 "]
mapped: [8497, 9551, 486]
padded: ["18  ", "16  ", "5449", "2135"]
mapped: [1152, 8641, 43, 95]
padded: ["2 ", "19", "91", "87"]
mapped: [2198, 917]
padded: ["9 ", "6 ", "11", "15"]
mapped: [9611, 15]
padded: ["933", "191", "943", "893"]
mapped: [9198, 3949, 3133]
padded: ["69", "12", "56", "3 "]
mapped: [6153, 926]
padded: ["49", "72", "34", "78"]
mapped: [4737, 9248]
padded: ["136", "256", "138", "388"]
mapped: [1213, 3538, 6688]
padded: ["54 ", "623", "134", "943"]
mapped: [5619, 4234, 343]
padded: ["82 ", "325", "442", "829"]
mapped: [8348, 2242, 529]
padded: ["35", "76", "3 ", "8 "]
mapped: [3738, 56]
padded: ["82 ", "868", "344", "162"]
mapped: [8831, 2646, 842]
padded: ["5 ", "54", "72", "81"]
mapped: [5578, 421]
padded: ["79", "97", "23", "29"]
mapped: [7922, 9739]
padded: ["38", "94", "58", "1 "]
mapped: [3951, 848]
padded: ["84", "87", "65", "59"]
mapped: [8865, 4759]
padded: ["288", "56 ", "66 ", "66 "]
mapped: [2566, 8666, 8]
padded: ["68 ", "98 ", "333", "775"]
mapped: [6937, 8837, 35]
padded: ["631", "791", "67 ", "64 "]
mapped: [6766, 3974, 11]
padded: ["8  ", "9  ", "293", "199"]
mapped: [8921, 99, 39]
padded: ["78", "93", "35", "27"]
mapped: [7932, 8357]
padded: ["2745", "4873", "619 ", "5   "]
mapped: [2465, 781, 479, 53]
padded: ["5 ", "2 ", "15", "88"]
mapped: [5218, 58]
padded: ["954", "153", "15 ", "58 "]
mapped: [9115, 5558, 43]
padded: ["9745", "4331", "7341", "49  "]
mapped: [9474, 7339, 434, 511]
padded: ["1 ", "4 ", "4 ", "71"]
mapped: [1447, 1]
padded: ["24 ", "116", "368", "722"]
mapped: [2137, 4162, 682]
padded: ["442", "117", "752", "685"]
mapped: [4176, 4158, 2725]
padded: ["65", "55", "53", "5 "]
mapped: [6555, 553]
padded: ["85  ", "2176", "5716", "4575"]
mapped: [8254, 5175, 717, 665]
padded: ["8 ", "32", "63", "42"]
mapped: [8364, 232]
padded: ["7 ", "77", "64", "49"]
mapped: [7764, 749]
padded: ["35", "85", "4 ", "2 "]
mapped: [3842, 55]
padded: ["514", "783", "488", "16 "]
mapped: [5741, 1886, 438]
padded: ["485", "226", "187", "217"]
mapped: [4212, 8281, 5677]
padded: ["552", "726", "139", "769"]
mapped: [5717, 5236, 2699]
padded: ["65", "63", "96", "72"]
mapped: [6697, 5362]
padded: ["732", "853", "44 ", "3  "]
mapped: [7843, 354, 23]
padded: ["6 ", "86", "83", "11"]
mapped: [6881, 631]
padded: ["133", "665", "126", "164"]
mapped: [1611, 3626, 3564]
padded: ["89 ", "89 ", "931", "354"]
mapped: [8893, 9935, 14]
padded: ["958", "335", "457", "77 "]
mapped: [9347, 5357, 857]
padded: ["96", "93", "24", "1 "]
mapped: [9921, 634]
padded: ["97 ", "755", "297", "168"]
mapped: [9721, 7596, 578]
padded: ["979", "773", "924", "1  "]
mapped: [9791, 772, 934]
padded: ["73", "81", "85", "29"]
mapped: [7882, 3159]
padded: ["24", "45", "51", "2 "]
mapped: [2452, 451]
padded: ["56", "66", "61", "9 "]
mapped: [5669, 661]
padded: ["26", "15", "24", "1 "]
mapped: [2121, 654]
padded: ["628", "211", "167", "93 "]
mapped: [6219, 2163, 817]
padded: ["18", "53", "9 ", "7 "]
mapped: [1597, 83]
padded: ["933", "239", "545", "275"]
mapped: [9252, 3347, 3955]
padded: ["852", "681", "121", "266"]
mapped: [8612, 5826, 2116]
padded: ["14  ", "2657", "9118", "7497"]
mapped: [1297, 4614, 519, 787]
padded: ["91  ", "4864", "4224", "2397"]
mapped: [9442, 1823, 629, 447]
padded: ["982", "493", "571", "993"]
mapped: [9459, 8979, 2313]
padded: ["28", "53", "6 ", "2 "]
mapped: [2562, 83]
padded: ["39", "21", "49", "89"]
mapped: [3248, 9199]
padded: ["513", "679", "629", "294"]
mapped: [5662, 1729, 3994]
padded: ["557 ", "4692", "7625", "1346"]
mapped: [5471, 5663, 7924, 256]
padded: ["5 ", "3 ", "5 ", "72"]
mapped: [5357, 2]
padded: ["84", "63", "52", "59"]
mapped: [8655, 4329]
padded: ["45 ", "118", "126", "165"]
mapped: [4111, 5126, 865]
padded: ["3  ", "1  ", "25 ", "954"]
mapped: [3129, 55, 4]
padded: ["3 ", "43", "55", "76"]
mapped: [3457, 356]
padded: ["2723", "9157", "4412", "523 "]
mapped: [2945, 7142, 2513, 372]
padded: ["63  ", "5781", "9969", "5655"]
mapped: [6595, 3796, 865, 195]
padded: ["572", "327", "48 ", "28 "]
mapped: [5342, 7288, 27]
padded: ["66 ", "462", "419", "923"]
mapped: [6449, 6612, 293]
padded: ["91", "97", "1 ", "8 "]
mapped: [9918, 17]
padded: ["9 ", "7 ", "7 ", "13"]
mapped: [9771, 3]
padded: ["3 ", "2 ", "14", "82"]
mapped: [3218, 42]
padded: ["29", "42", "43", "59"]
mapped: [2445, 9239]
padded: ["38 ", "253", "391", "756"]
mapped: [3237, 8595, 316]
padded: ["66", "98", "63", "45"]
mapped: [6964, 6835]
padded: ["853", "986", "85 ", "1  "]
mapped: [8981, 585, 36]
padded: ["227 ", "6634", "1239", "3313"]
mapped: [2613, 2623, 7331, 493]
padded: ["53 ", "564", "485", "691"]
mapped: [5546, 3689, 451]
padded: ["89", "47", "15", "4 "]
mapped: [8414, 975]
padded: ["286 ", "718 ", "251 ", "7482"]
mapped: [2727, 8154, 6818, 2]
padded: ["5 ", "1 ", "98", "39"]
mapped: [5193, 89]
padded: ["169", "866", "464", "267"]
mapped: [1842, 6666, 9647]
padded: ["379", "186", "836", "5  "]
mapped: [3185, 783, 966]
padded: ["5467", "3567", "5148", "88  "]
mapped: [5358, 4518, 664, 778]
padded: ["44", "36", "23", "57"]
mapped: [4325, 4637]
padded: ["5116", "9731", "19  ", "4   "]
mapped: [5914, 179, 13, 61]
padded: ["346", "971", "871", "3  "]
mapped: [3983, 477, 611]
padded: ["739", "138", "375", "463"]
mapped: [7134, 3376, 9853]
padded: ["985", "512", "82 ", "27 "]
mapped: [9582, 8127, 52]
padded: ["9 ", "5 ", "82", "13"]
mapped: [9581, 23]
padded: ["976", "285", "824", "511"]
mapped: [9285, 7821, 6541]
padded: ["91", "87", "99", "72"]
mapped: [9897, 1792]
padded: ["572", "569", "278", "318"]
mapped: [5523, 7671, 2988]
padded: ["8316", "2788", "2414", "4591"]
mapped: [8224, 3745, 1819, 6841]
padded: ["637", "512", "66 ", "43 "]
mapped: [6564, 3163, 72]
padded: ["496", "727", "744", "136"]
mapped: [4771, 9243, 6746]
padded: ["8 ", "3 ", "46", "42"]
mapped: [8344, 62]
padded: ["1 ", "15", "62", "76"]
mapped: [1167, 526]
padded: ["356", "158", "73 ", "4  "]
mapped: [3174, 553, 68]
padded: ["38", "29", "23", "3 "]
mapped: [3223, 893]
padded: ["71  ", "3557", "2478", "4193"]
mapped: [7324, 1541, 579, 783]
padded: ["645", "538", "34 ", "6  "]
mapped: [6536, 434, 58]
padded: ["7 ", "7 ", "37", "63"]
mapped: [7736, 73]
padded: ["865 ", "5862", "7138", "8766"]
mapped: [8578, 6817, 5636, 286]
padded: ["1455", "6539", "5568", "46  "]
mapped: [1654, 4556, 536, 598]
padded: ["687", "332", "582", "789"]
mapped: [6357, 8388, 7229]
padded: ["642", "786", "43 ", "7  "]
mapped: [6747, 483, 26]
padded: ["2 ", "63", "77", "15"]
mapped: [2671, 375]
padded: ["29", "85", "68", "48"]
mapped: [2864, 9588]
padded: ["8 ", "9 ", "62", "33"]
mapped: [8963, 23]
padded: ["23", "59", "66", "45"]
mapped: [2564, 3965]
padded: ["4  ", "636", "661", "996"]
mapped: [4669, 369, 616]
11600902950215
